(---------------------------------------------------------------------)
(                                                                     )
(    QUICKPLACE LOG                                                   )
(                                                                     )
(    Drawing          : 1400916.brd                                   )
(    Software Version : 17.2P028                                      )
(    Date/Time        : Tue Jul 30 12:30:04 2019                      )
(                                                                     )
(---------------------------------------------------------------------)


State: Placing on layer TOP

         Placed symbol:  U3 / LF356_3_DIP8_3_LF398 / DIP8_3 at (3.473 77.093)
         Placed symbol:  U5 / LF356_4_DIP8_3_LF356 / DIP8_3 at (13.836 77.093)
         Placed symbol:  U4 / LF356_4_DIP8_3_LF356 / DIP8_3 at (24.199 77.093)
         Placed symbol:  U2 / LF356_4_DIP8_3_LF356 / DIP8_3 at (34.562 77.093)
         Placed symbol:  U1 / NE555_2_DIP8_3_NE555 / DIP8_3 at (44.925 77.093)
         Placed symbol:  J1 / CON4_JUMPER4_CON4 / JUMPER4 at (55.288 69.727)
         Placed symbol:  J2 / CON3_JUMPER3_CON3 / JUMPER3 at (65.651 69.473)
         Placed symbol:  Q1 / 2SA1020_TO226AB_2SA1015 / TO226AB at (73.784 70.273)
         Placed symbol:  VR1 / POT_RESADJ_5K / RESADJ at (81.772 74.401)
         Placed symbol:  VR2 / POT_RESADJ_20K / RESADJ at (87.055 74.401)
         Placed symbol:  R3 / R_RES400_6.2K / RES400 at (90.382 69.384)
         Placed symbol:  R1 / R_RES400_560 / RES400 at (93.709 69.384)
         Placed symbol:  R2 / R_RES400_39K / RES400 at (4.057 82.109)
         Placed symbol:  R6 / R_RES400_10K / RES400 at (7.384 82.109)
         Placed symbol:  R7 / R_RES400_10K / RES400 at (10.711 82.109)
         Placed symbol:  R8 / R_RES400_10K / RES400 at (14.038 82.109)
         Placed symbol:  R9 / R_RES400_10K / RES400 at (17.365 82.109)
         Placed symbol:  J3 / CON2_JUMPER2_CON2 / JUMPER2 at (20.108 82.198)
         Placed symbol:  D1 / DIODE_DO41_1S1588 / DO41 at (25.645 82.071)
         Placed symbol:  C3 / CAP NP_CAPCK05_0.01UF / CAPCK05 at (28.642 82.198)
         Placed symbol:  C2 / CAP NP_CAPCK05_0.01UF / CAPCK05 at (31.385 82.198)
         Placed symbol:  R4 / R_RES400_100K / RES400 at (34.712 82.109)
         Placed symbol:  R5 / R_RES400_10K / RES400 at (38.039 82.109)
         Placed symbol:  C1 / CAP NP_CAPCK05_0.01UF / CAPCK05 at (40.782 82.198)


Placed 24 of 24 applicable (24 total) symbols.

-----------------------------------------------------------------------

